Using pre-set license
Built from '2020.3/staging' branch; Version is '2020.3.4f1 (0abb6314276a) revision 703331'; Using compiler version '192528614'; Build Type 'Release'
OS: 'Windows 10 Home; OS build 19041.928; Version 2004; 64bit' Language: 'en' Physical Memory: 8061 MB
BatchMode: 1, IsHumanControllingUs: 0, StartBugReporterOnCrash: 0, Is64bit: 1, IsPro: 0

 COMMAND LINE ARGUMENTS:
C:\Program Files\Unity\Hub\Editor\2020.3.4f1\Editor\Unity.exe
-adb2
-batchMode
-noUpm
-name
AssetImportWorker0
-projectPath
C:/Users/Peter/unity-tutorials/FreyaHolmerShaders
-logFile
Logs/AssetImportWorker0.log
-srvPort
64032
Successfully changed project path to: C:/Users/Peter/unity-tutorials/FreyaHolmerShaders
C:/Users/Peter/unity-tutorials/FreyaHolmerShaders
Using Asset Import Pipeline V2.
Refreshing native plugins compatible for Editor in 55.79 ms, found 0 plugins.
Preloading 0 native plugins for Editor in 0.00 ms.
Initialize engine version: 2020.3.4f1 (0abb6314276a)
[Subsystems] Discovering subsystems at path C:/Program Files/Unity/Hub/Editor/2020.3.4f1/Editor/Data/Resources/UnitySubsystems
[Subsystems] Discovering subsystems at path C:/Users/Peter/unity-tutorials/FreyaHolmerShaders/Assets
GfxDevice: creating device client; threaded=0
Direct3D:
    Version:  Direct3D 11.0 [level 11.1]
    Renderer: Intel(R) HD Graphics 620 (ID=0x5916)
    Vendor:   
    VRAM:     4030 MB
    Driver:   23.20.16.4973
Initialize mono
Mono path[0] = 'C:/Program Files/Unity/Hub/Editor/2020.3.4f1/Editor/Data/Managed'
Mono path[1] = 'C:/Program Files/Unity/Hub/Editor/2020.3.4f1/Editor/Data/MonoBleedingEdge/lib/mono/unityjit'
Mono config path = 'C:/Program Files/Unity/Hub/Editor/2020.3.4f1/Editor/Data/MonoBleedingEdge/etc'
Using monoOptions --debugger-agent=transport=dt_socket,embedding=1,server=y,suspend=n,address=127.0.0.1:56984
Begin MonoManager ReloadAssembly
Registering precompiled unity dll's ...
Register platform support module: C:/Program Files/Unity/Hub/Editor/2020.3.4f1/Editor/Data/PlaybackEngines/WindowsStandaloneSupport/UnityEditor.WindowsStandalone.Extensions.dll
Registered in 0.002998 seconds.
Native extension for WindowsStandalone target not found
Refreshing native plugins compatible for Editor in 40.28 ms, found 0 plugins.
Preloading 0 native plugins for Editor in 0.00 ms.
Mono: successfully reloaded assembly
- Completed reload, in  1.795 seconds
Platform modules already initialized, skipping
Registering precompiled user dll's ...
Registered in 0.001063 seconds.
Begin MonoManager ReloadAssembly
Native extension for WindowsStandalone target not found
Refreshing native plugins compatible for Editor in 0.31 ms, found 0 plugins.
Preloading 0 native plugins for Editor in 0.00 ms.
Mono: successfully reloaded assembly
- Completed reload, in  1.480 seconds
Platform modules already initialized, skipping
========================================================================
Worker process is ready to serve import requests
Launched and connected shader compiler UnityShaderCompiler.exe after 0.09 seconds
Refreshing native plugins compatible for Editor in 1.22 ms, found 0 plugins.
Preloading 0 native plugins for Editor in 0.00 ms.
Unloading 1115 Unused Serialized files (Serialized files now loaded: 0)
System memory in use before: 57.2 MB.
System memory in use after: 57.2 MB.

Unloading 10 unused Assets to reduce memory usage. Loaded Objects now: 1557.
Total: 2.461600 ms (FindLiveObjects: 0.201800 ms CreateObjectMapping: 0.067500 ms MarkObjects: 2.104300 ms  DeleteObjects: 0.086500 ms)

========================================================================
Received Import Request.
  path: Assets
  artifactKey: Guid(00000000000000001000000000000000) Importer(815301076,1909f56bfc062723c751e8b465ee728b)
Start importing Assets using Guid(00000000000000001000000000000000) Importer(815301076,1909f56bfc062723c751e8b465ee728b)  -> (artifact id: '025e4f587c23674256bb898581e82961') in 0.020488 seconds
  Import took 0.023960 seconds .

========================================================================
Received Import Request.
  Time since last request: 2.238487 seconds.
  path: Assets/NewUnlitShader.shader
  artifactKey: Guid(a772cd14db9efc546a05bfa8e1416ada) Importer(815301076,1909f56bfc062723c751e8b465ee728b)
Start importing Assets/NewUnlitShader.shader using Guid(a772cd14db9efc546a05bfa8e1416ada) Importer(815301076,1909f56bfc062723c751e8b465ee728b)  -> (artifact id: '0a067ec4b4af66838272775c38b3eec8') in 0.160850 seconds
  Import took 0.218509 seconds .

========================================================================
Received Import Request.
  Time since last request: 0.578570 seconds.
  path: Assets/NewUnlitShader.shader
  artifactKey: Guid(a772cd14db9efc546a05bfa8e1416ada) Importer(815301076,1909f56bfc062723c751e8b465ee728b)
Start importing Assets/NewUnlitShader.shader using Guid(a772cd14db9efc546a05bfa8e1416ada) Importer(815301076,1909f56bfc062723c751e8b465ee728b)  -> (artifact id: '0a067ec4b4af66838272775c38b3eec8') in 0.006706 seconds
  Import took 0.011680 seconds .

========================================================================
Received Import Request.
  Time since last request: 52.623223 seconds.
  path: Assets/Shader1.shader
  artifactKey: Guid(a772cd14db9efc546a05bfa8e1416ada) Importer(815301076,1909f56bfc062723c751e8b465ee728b)
Start importing Assets/Shader1.shader using Guid(a772cd14db9efc546a05bfa8e1416ada) Importer(815301076,1909f56bfc062723c751e8b465ee728b)  -> (artifact id: '938ce604afc2758cd9ed5c1d4877ef41') in 0.097204 seconds
  Import took 0.104418 seconds .

========================================================================
Received Import Request.
  Time since last request: 590.625001 seconds.
  path: Assets/Shader1.shader
  artifactKey: Guid(a772cd14db9efc546a05bfa8e1416ada) Importer(815301076,1909f56bfc062723c751e8b465ee728b)
Start importing Assets/Shader1.shader using Guid(a772cd14db9efc546a05bfa8e1416ada) Importer(815301076,1909f56bfc062723c751e8b465ee728b)  -> (artifact id: '2fafdc6c5002dc7e222a842a671759a4') in 0.022765 seconds
  Import took 0.031268 seconds .

========================================================================
Received Import Request.
  Time since last request: 24.866696 seconds.
  path: Assets/Shader1.shader
  artifactKey: Guid(a772cd14db9efc546a05bfa8e1416ada) Importer(815301076,1909f56bfc062723c751e8b465ee728b)
Start importing Assets/Shader1.shader using Guid(a772cd14db9efc546a05bfa8e1416ada) Importer(815301076,1909f56bfc062723c751e8b465ee728b)  -> (artifact id: 'b7032cab00b260ab6d2f90b284c63f30') in 0.018318 seconds
  Import took 0.022175 seconds .

========================================================================
Received Import Request.
  Time since last request: 0.041846 seconds.
  path: Assets/Shader1.shader
  artifactKey: Guid(a772cd14db9efc546a05bfa8e1416ada) Importer(815301076,1909f56bfc062723c751e8b465ee728b)
Start importing Assets/Shader1.shader using Guid(a772cd14db9efc546a05bfa8e1416ada) Importer(815301076,1909f56bfc062723c751e8b465ee728b)  -> (artifact id: 'b7032cab00b260ab6d2f90b284c63f30') in 0.022491 seconds
  Import took 0.034361 seconds .

========================================================================
Received Import Request.
  Time since last request: 373.159269 seconds.
  path: Assets/Shader1.shader
  artifactKey: Guid(a772cd14db9efc546a05bfa8e1416ada) Importer(815301076,1909f56bfc062723c751e8b465ee728b)
Start importing Assets/Shader1.shader using Guid(a772cd14db9efc546a05bfa8e1416ada) Importer(815301076,1909f56bfc062723c751e8b465ee728b)  -> (artifact id: '0422ac69bf04aacf8f999d1ee6a8122c') in 0.105444 seconds
  Import took 0.111674 seconds .

AssetImportWorkerClient::OnTransportError - code=2 error=End of file
